#
# There is insufficient memory for the Java Runtime Environment to continue.
# Native memory allocation (malloc) failed to allocate 358640 bytes for Chunk::new
# Possible reasons:
#   The system is out of physical RAM or swap space
#   The process is running with CompressedOops enabled, and the Java Heap may be blocking the growth of the native heap
# Possible solutions:
#   Reduce memory load on the system
#   Increase physical memory or swap space
#   Check if swap backing store is full
#   Decrease Java heap size (-Xmx/-Xms)
#   Decrease number of Java threads
#   Decrease Java thread stack sizes (-Xss)
#   Set larger code cache with -XX:ReservedCodeCacheSize=
#   JVM is running with Unscaled Compressed Oops mode in which the Java heap is
#     placed in the first 4GB address space. The Java Heap base address is the
#     maximum limit for the native heap growth. Please use -XX:HeapBaseMinAddress
#     to set the Java Heap base and to place the Java Heap above 4GB virtual address.
# This output file may be truncated or incomplete.
#
#  Out of Memory Error (allocation.cpp:389), pid=13880, tid=0x000000000000096c
#
# JRE version: OpenJDK Runtime Environment (8.0_242-b01) (build 1.8.0_242-release-1644-b01)
# Java VM: OpenJDK 64-Bit Server VM (25.242-b01 mixed mode windows-amd64 compressed oops)
# Failed to write core dump. Minidumps are not enabled by default on client versions of Windows
#

---------------  T H R E A D  ---------------

Current thread (0x0000000017b49800):  JavaThread "C2 CompilerThread0" daemon [_thread_in_native, id=2412, stack(0x00000000191e0000,0x00000000192e0000)]

Stack: [0x00000000191e0000,0x00000000192e0000]
[error occurred during error reporting (printing stack bounds), id 0xc0000005]

Native frames: (J=compiled Java code, j=interpreted, Vv=VM code, C=native code)


Current CompileTask:
C2: 450255 16340   !   4       java.nio.file.Files::walkFileTree (355 bytes)


---------------  P R O C E S S  ---------------

Java Threads: ( => current thread )
  0x000000001a7d1000 JavaThread "WorkerExecutor Queue Thread 2" [_thread_blocked, id=2544, stack(0x000000002c0e0000,0x000000002c1e0000)]
  0x000000001a7d8000 JavaThread "stdout" [_thread_in_native, id=12184, stack(0x000000002bd00000,0x000000002be00000)]
  0x000000001a7d7000 JavaThread "stderr" [_thread_in_native, id=11504, stack(0x000000002bb00000,0x000000002bc00000)]
  0x000000001a7d6800 JavaThread "pool-7-thread-1" [_thread_blocked, id=13536, stack(0x000000002a7d0000,0x000000002a8d0000)]
  0x000000001a7d5800 JavaThread "WorkerExecutor Queue" [_thread_blocked, id=7236, stack(0x000000002a6d0000,0x000000002a7d0000)]
  0x000000001a7d4000 JavaThread "Cache worker for execution history cache (C:\Users\Pichau\Desktop\PAM-pokemon\TTS\.gradle\6.5\executionHistory)" [_thread_blocked, id=5432, stack(0x000000002a5d0000,0x000000002a6d0000)]
  0x000000001a7d0800 JavaThread "Execution worker for ':' Thread 3" [_thread_blocked, id=8856, stack(0x000000002a230000,0x000000002a330000)]
  0x000000001a7ce000 JavaThread "Execution worker for ':' Thread 2" [_thread_blocked, id=13632, stack(0x000000002a130000,0x000000002a230000)]
  0x000000001a7cc800 JavaThread "Execution worker for ':'" [_thread_blocked, id=11988, stack(0x000000002a030000,0x000000002a130000)]
  0x000000001a7d3800 JavaThread "Cache worker for file content cache (C:\Users\Pichau\Desktop\PAM-pokemon\TTS\.gradle\6.5\fileContent)" [_thread_blocked, id=12632, stack(0x0000000029b30000,0x0000000029c30000)]
  0x000000001a7cc000 JavaThread "Cache worker for Build Output Cleanup Cache (C:\Users\Pichau\Desktop\PAM-pokemon\TTS\.gradle\buildOutputCleanup)" [_thread_blocked, id=8272, stack(0x0000000028920000,0x0000000028a20000)]
  0x000000001a7d2800 JavaThread "jar transforms Thread 276" [_thread_blocked, id=1080, stack(0x0000000028580000,0x0000000028680000)]
  0x000000001a7d2000 JavaThread "jar transforms Thread 275" [_thread_blocked, id=13972, stack(0x0000000028480000,0x0000000028580000)]
  0x000000001a7cf800 JavaThread "jar transforms Thread 274" [_thread_blocked, id=1512, stack(0x0000000028380000,0x0000000028480000)]
  0x000000001a8b2800 JavaThread "jar transforms Thread 273" [_thread_blocked, id=344, stack(0x0000000028280000,0x0000000028380000)]
  0x000000001a8b1800 JavaThread "jar transforms Thread 272" [_thread_blocked, id=5052, stack(0x0000000028180000,0x0000000028280000)]
  0x000000001a8af800 JavaThread "jar transforms Thread 271" [_thread_blocked, id=9144, stack(0x0000000028080000,0x0000000028180000)]
  0x000000001a8b4000 JavaThread "jar transforms Thread 270" [_thread_blocked, id=12772, stack(0x0000000027f80000,0x0000000028080000)]
  0x000000001a8b3000 JavaThread "jar transforms Thread 269" [_thread_blocked, id=7652, stack(0x0000000027e80000,0x0000000027f80000)]
  0x000000001a8b1000 JavaThread "jar transforms Thread 268" [_thread_blocked, id=4504, stack(0x0000000027d80000,0x0000000027e80000)]
  0x000000001a8b0000 JavaThread "jar transforms Thread 267" [_thread_blocked, id=2464, stack(0x0000000027c80000,0x0000000027d80000)]
  0x000000001a8b4800 JavaThread "jar transforms Thread 266" [_thread_blocked, id=13680, stack(0x0000000027b80000,0x0000000027c80000)]
  0x000000001a8a8000 JavaThread "jar transforms Thread 265" [_thread_blocked, id=712, stack(0x0000000027a80000,0x0000000027b80000)]
  0x000000001a8ae800 JavaThread "jar transforms Thread 264" [_thread_blocked, id=11760, stack(0x0000000027980000,0x0000000027a80000)]
  0x000000001a8ad000 JavaThread "jar transforms Thread 263" [_thread_blocked, id=8432, stack(0x0000000027880000,0x0000000027980000)]
  0x000000001a8ac800 JavaThread "jar transforms Thread 262" [_thread_blocked, id=436, stack(0x0000000027780000,0x0000000027880000)]
  0x000000001a8ae000 JavaThread "jar transforms Thread 261" [_thread_blocked, id=2344, stack(0x0000000027680000,0x0000000027780000)]
  0x000000001a8a8800 JavaThread "jar transforms Thread 260" [_thread_blocked, id=6552, stack(0x0000000027580000,0x0000000027680000)]
  0x000000001a8ab800 JavaThread "jar transforms Thread 259" [_thread_blocked, id=13228, stack(0x0000000027480000,0x0000000027580000)]
  0x000000001a8a5800 JavaThread "jar transforms Thread 258" [_thread_blocked, id=7924, stack(0x0000000027380000,0x0000000027480000)]
  0x000000001a8a7000 JavaThread "jar transforms Thread 257" [_thread_blocked, id=13572, stack(0x0000000027280000,0x0000000027380000)]
  0x000000001a8aa000 JavaThread "jar transforms Thread 256" [_thread_blocked, id=12180, stack(0x0000000027180000,0x0000000027280000)]
  0x000000001a8a6800 JavaThread "jar transforms Thread 255" [_thread_blocked, id=13076, stack(0x0000000027080000,0x0000000027180000)]
  0x000000001a8ab000 JavaThread "jar transforms Thread 254" [_thread_blocked, id=272, stack(0x0000000026f80000,0x0000000027080000)]
  0x000000001a8a9800 JavaThread "jar transforms Thread 253" [_thread_blocked, id=10092, stack(0x0000000026e80000,0x0000000026f80000)]
  0x000000001b802000 JavaThread "jar transforms Thread 252" [_thread_blocked, id=8240, stack(0x0000000026d80000,0x0000000026e80000)]
  0x000000001b801000 JavaThread "jar transforms Thread 251" [_thread_blocked, id=13968, stack(0x0000000026c80000,0x0000000026d80000)]
  0x000000001b800800 JavaThread "jar transforms Thread 250" [_thread_blocked, id=14252, stack(0x0000000026b80000,0x0000000026c80000)]
  0x000000001b7fe800 JavaThread "jar transforms Thread 249" [_thread_blocked, id=11616, stack(0x0000000026a80000,0x0000000026b80000)]
  0x000000001b7fd000 JavaThread "jar transforms Thread 248" [_thread_blocked, id=10708, stack(0x0000000026980000,0x0000000026a80000)]
  0x0000000020f97000 JavaThread "jar transforms Thread 247" [_thread_blocked, id=3248, stack(0x0000000026880000,0x0000000026980000)]
  0x0000000020f9b800 JavaThread "jar transforms Thread 246" [_thread_blocked, id=13420, stack(0x0000000026780000,0x0000000026880000)]
  0x0000000020f95000 JavaThread "jar transforms Thread 245" [_thread_blocked, id=7548, stack(0x0000000026680000,0x0000000026780000)]
  0x0000000020f9b000 JavaThread "jar transforms Thread 244" [_thread_blocked, id=12676, stack(0x0000000026580000,0x0000000026680000)]
  0x0000000020f95800 JavaThread "jar transforms Thread 243" [_thread_blocked, id=8084, stack(0x0000000026480000,0x0000000026580000)]
  0x0000000020f98800 JavaThread "jar transforms Thread 242" [_thread_blocked, id=2260, stack(0x0000000026380000,0x0000000026480000)]
  0x0000000020f9a000 JavaThread "jar transforms Thread 241" [_thread_blocked, id=12620, stack(0x0000000026280000,0x0000000026380000)]
  0x0000000020f96800 JavaThread "jar transforms Thread 240" [_thread_blocked, id=13248, stack(0x0000000026180000,0x0000000026280000)]
  0x0000000020f99800 JavaThread "jar transforms Thread 239" [_thread_blocked, id=8264, stack(0x0000000026080000,0x0000000026180000)]
  0x0000000020f1d800 JavaThread "jar transforms Thread 238" [_thread_blocked, id=3404, stack(0x0000000025f80000,0x0000000026080000)]
  0x0000000020f1d000 JavaThread "jar transforms Thread 237" [_thread_blocked, id=4320, stack(0x0000000025e80000,0x0000000025f80000)]
  0x0000000020f22000 JavaThread "jar transforms Thread 236" [_thread_blocked, id=4628, stack(0x0000000025d80000,0x0000000025e80000)]
  0x0000000020f20800 JavaThread "jar transforms Thread 235" [_thread_blocked, id=14064, stack(0x0000000025c80000,0x0000000025d80000)]
  0x0000000020f21800 JavaThread "jar transforms Thread 234" [_thread_blocked, id=9604, stack(0x0000000025b80000,0x0000000025c80000)]
  0x0000000020f1c000 JavaThread "jar transforms Thread 233" [_thread_blocked, id=9520, stack(0x0000000025a80000,0x0000000025b80000)]
  0x0000000020f18800 JavaThread "jar transforms Thread 232" [_thread_blocked, id=8512, stack(0x0000000025980000,0x0000000025a80000)]
  0x0000000020f1b800 JavaThread "jar transforms Thread 231" [_thread_blocked, id=12884, stack(0x0000000025880000,0x0000000025980000)]
  0x0000000020f1a800 JavaThread "jar transforms Thread 230" [_thread_blocked, id=2368, stack(0x0000000025780000,0x0000000025880000)]
  0x0000000020f14800 JavaThread "jar transforms Thread 229" [_thread_blocked, id=14228, stack(0x0000000025680000,0x0000000025780000)]
  0x0000000020f17800 JavaThread "jar transforms Thread 228" [_thread_blocked, id=12932, stack(0x0000000025580000,0x0000000025680000)]
  0x0000000020f1a000 JavaThread "jar transforms Thread 227" [_thread_blocked, id=6892, stack(0x0000000025480000,0x0000000025580000)]
  0x0000000020f17000 JavaThread "jar transforms Thread 226" [_thread_blocked, id=6632, stack(0x0000000025380000,0x0000000025480000)]
  0x0000000020f15800 JavaThread "jar transforms Thread 225" [_thread_blocked, id=13844, stack(0x0000000025280000,0x0000000025380000)]
  0x000000001b811800 JavaThread "jar transforms Thread 224" [_thread_blocked, id=11964, stack(0x0000000025180000,0x0000000025280000)]
  0x000000001b814800 JavaThread "jar transforms Thread 223" [_thread_blocked, id=8000, stack(0x0000000025080000,0x0000000025180000)]
  0x000000001b812000 JavaThread "jar transforms Thread 222" [_thread_blocked, id=8684, stack(0x0000000024f80000,0x0000000025080000)]
  0x000000001b813800 JavaThread "jar transforms Thread 221" [_thread_blocked, id=9852, stack(0x0000000024e80000,0x0000000024f80000)]
  0x000000001b810800 JavaThread "jar transforms Thread 220" [_thread_blocked, id=3064, stack(0x0000000024d80000,0x0000000024e80000)]
  0x000000001b810000 JavaThread "jar transforms Thread 219" [_thread_blocked, id=13140, stack(0x0000000024c80000,0x0000000024d80000)]
  0x000000001b813000 JavaThread "jar transforms Thread 218" [_thread_blocked, id=13048, stack(0x0000000024b80000,0x0000000024c80000)]
  0x000000001b808800 JavaThread "jar transforms Thread 217" [_thread_blocked, id=4172, stack(0x0000000024a80000,0x0000000024b80000)]
  0x000000001b80f000 JavaThread "jar transforms Thread 216" [_thread_blocked, id=13888, stack(0x0000000024980000,0x0000000024a80000)]
  0x000000001b807800 JavaThread "jar transforms Thread 215" [_thread_blocked, id=2860, stack(0x0000000024880000,0x0000000024980000)]
  0x000000001b80e800 JavaThread "jar transforms Thread 214" [_thread_blocked, id=8580, stack(0x0000000024780000,0x0000000024880000)]
  0x000000001b80d800 JavaThread "jar transforms Thread 213" [_thread_blocked, id=1964, stack(0x0000000024680000,0x0000000024780000)]
  0x000000001b80d000 JavaThread "jar transforms Thread 212" [_thread_blocked, id=2660, stack(0x0000000024580000,0x0000000024680000)]
  0x000000001b80c000 JavaThread "jar transforms Thread 211" [_thread_blocked, id=7176, stack(0x0000000024480000,0x0000000024580000)]
  0x000000001b80b800 JavaThread "jar transforms Thread 210" [_thread_blocked, id=984, stack(0x0000000024380000,0x0000000024480000)]
  0x000000001b806000 JavaThread "jar transforms Thread 209" [_thread_blocked, id=4424, stack(0x0000000024280000,0x0000000024380000)]
  0x000000001b80a000 JavaThread "jar transforms Thread 208" [_thread_blocked, id=3524, stack(0x0000000024180000,0x0000000024280000)]
  0x000000001b807000 JavaThread "jar transforms Thread 207" [_thread_blocked, id=4104, stack(0x0000000024080000,0x0000000024180000)]
  0x000000001a640000 JavaThread "jar transforms Thread 206" [_thread_blocked, id=5440, stack(0x0000000023f80000,0x0000000024080000)]
  0x000000001a63e000 JavaThread "jar transforms Thread 205" [_thread_blocked, id=4276, stack(0x0000000023e80000,0x0000000023f80000)]
  0x000000001a63d000 JavaThread "jar transforms Thread 204" [_thread_blocked, id=4072, stack(0x0000000023d80000,0x0000000023e80000)]
  0x000000001a63c800 JavaThread "jar transforms Thread 203" [_thread_blocked, id=14052, stack(0x0000000023c80000,0x0000000023d80000)]
  0x000000001a63b000 JavaThread "jar transforms Thread 202" [_thread_blocked, id=7224, stack(0x0000000023b80000,0x0000000023c80000)]
  0x000000001a641800 JavaThread "jar transforms Thread 201" [_thread_blocked, id=13740, stack(0x0000000023a80000,0x0000000023b80000)]
  0x000000001a641000 JavaThread "jar transforms Thread 200" [_thread_blocked, id=3380, stack(0x0000000023980000,0x0000000023a80000)]
  0x000000001a63f800 JavaThread "jar transforms Thread 199" [_thread_blocked, id=12980, stack(0x0000000023880000,0x0000000023980000)]
  0x000000001a633000 JavaThread "jar transforms Thread 198" [_thread_blocked, id=13160, stack(0x0000000023780000,0x0000000023880000)]
  0x000000001a639800 JavaThread "jar transforms Thread 197" [_thread_blocked, id=6532, stack(0x0000000023680000,0x0000000023780000)]
  0x000000001a638800 JavaThread "jar transforms Thread 196" [_thread_blocked, id=13380, stack(0x0000000023580000,0x0000000023680000)]
  0x000000001a63a000 JavaThread "jar transforms Thread 195" [_thread_blocked, id=11620, stack(0x0000000023480000,0x0000000023580000)]
  0x000000001a638000 JavaThread "jar transforms Thread 194" [_thread_blocked, id=1356, stack(0x0000000023380000,0x0000000023480000)]
  0x000000001a637000 JavaThread "jar transforms Thread 193" [_thread_blocked, id=10548, stack(0x0000000023280000,0x0000000023380000)]
  0x000000001a635800 JavaThread "jar transforms Thread 192" [_thread_blocked, id=1076, stack(0x0000000023180000,0x0000000023280000)]
  0x000000001a634800 JavaThread "jar transforms Thread 191" [_thread_blocked, id=2792, stack(0x0000000023080000,0x0000000023180000)]
  0x000000001a632800 JavaThread "jar transforms Thread 190" [_thread_blocked, id=5588, stack(0x0000000022f80000,0x0000000023080000)]
  0x000000001a636000 JavaThread "jar transforms Thread 189" [_thread_blocked, id=3044, stack(0x0000000022e80000,0x0000000022f80000)]
  0x000000002aa4c800 JavaThread "jar transforms Thread 188" [_thread_blocked, id=6228, stack(0x0000000022d80000,0x0000000022e80000)]
  0x000000002aa4c000 JavaThread "jar transforms Thread 187" [_thread_blocked, id=8316, stack(0x0000000022c80000,0x0000000022d80000)]
  0x000000002aa4f800 JavaThread "jar transforms Thread 186" [_thread_blocked, id=1912, stack(0x0000000022b80000,0x0000000022c80000)]
  0x000000002aa50800 JavaThread "jar transforms Thread 185" [_thread_blocked, id=12864, stack(0x0000000022a80000,0x0000000022b80000)]
  0x000000002aa4e000 JavaThread "Build operations Thread 4" [_thread_blocked, id=1588, stack(0x0000000022780000,0x0000000022880000)]
  0x000000002aa4d800 JavaThread "Build operations Thread 3" [_thread_blocked, id=12428, stack(0x0000000021f10000,0x0000000022010000)]
  0x000000002aa4f000 JavaThread "Build operations Thread 2" [_thread_blocked, id=12160, stack(0x0000000021e10000,0x0000000021f10000)]
  0x000000002aa44800 JavaThread "Build operations" [_thread_blocked, id=11076, stack(0x00000000201c0000,0x00000000202c0000)]
  0x000000002aa4b000 JavaThread "Cache worker for cache directory md-rule (C:\Users\Pichau\.gradle\caches\6.5\md-rule)" [_thread_blocked, id=13784, stack(0x000000001fec0000,0x000000001ffc0000)]
  0x000000002aa49800 JavaThread "Cache worker for cache directory md-supplier (C:\Users\Pichau\.gradle\caches\6.5\md-supplier)" [_thread_blocked, id=7900, stack(0x000000001d620000,0x000000001d720000)]
  0x000000002aa49000 JavaThread "Cache worker for checksums cache (C:\Users\Pichau\Desktop\PAM-pokemon\TTS\.gradle\checksums)" [_thread_blocked, id=12392, stack(0x000000001d520000,0x000000001d620000)]
  0x000000002aa46800 JavaThread "Cache worker for file hash cache (C:\Users\Pichau\Desktop\PAM-pokemon\TTS\.gradle\6.5\fileHashes)" [_thread_blocked, id=14316, stack(0x000000001d420000,0x000000001d520000)]
  0x000000002aa46000 JavaThread "Thread-255" [_thread_blocked, id=5728, stack(0x000000001d320000,0x000000001d420000)]
  0x000000002aa45000 JavaThread "Stdin handler" [_thread_blocked, id=8400, stack(0x000000001d220000,0x000000001d320000)]
  0x000000002aa4a800 JavaThread "Asynchronous log dispatcher for DefaultDaemonConnection: socket connection from /127.0.0.1:64270 to /127.0.0.1:60042" [_thread_blocked, id=1728, stack(0x000000001d120000,0x000000001d220000)]
  0x000000002aa43000 JavaThread "Daemon worker Thread 3" [_thread_blocked, id=10652, stack(0x000000001d020000,0x000000001d120000)]
  0x000000002aa47800 JavaThread "Cancel handler" [_thread_blocked, id=1900, stack(0x0000000001380000,0x0000000001480000)]
  0x000000002aa48000 JavaThread "Handler for socket connection from /127.0.0.1:64270 to /127.0.0.1:60042" [_thread_in_native, id=8672, stack(0x0000000001280000,0x0000000001380000)]
  0x000000002aa41800 JavaThread "Daemon Thread 3" [_thread_blocked, id=9124, stack(0x0000000001180000,0x0000000001280000)]
  0x0000000020f16000 JavaThread "Cache worker for Java compile cache (C:\Users\Pichau\.gradle\caches\6.5\javaCompile)" [_thread_blocked, id=5980, stack(0x000000002bc00000,0x000000002bd00000)]
  0x000000001a63e800 JavaThread "Memory manager" [_thread_blocked, id=4352, stack(0x0000000029020000,0x0000000029120000)]
  0x000000001b802800 JavaThread "Cache worker for file content cache (C:\Users\Pichau\.gradle\caches\6.5\fileContent)" [_thread_blocked, id=7936, stack(0x0000000022080000,0x0000000022180000)]
  0x000000001b7ff800 JavaThread "Cache worker for execution history cache (C:\Users\Pichau\.gradle\caches\6.5\executionHistory)" [_thread_blocked, id=9160, stack(0x0000000021710000,0x0000000021810000)]
  0x000000001b7fe000 JavaThread "Cache worker for file hash cache (C:\Users\Pichau\.gradle\caches\6.5\fileHashes)" [_thread_blocked, id=13692, stack(0x000000001dc20000,0x000000001dd20000)]
  0x000000001b804000 JavaThread "File lock request listener" [_thread_in_native, id=12924, stack(0x000000001db20000,0x000000001dc20000)]
  0x00000000195c5800 JavaThread "Cache worker for journal cache (C:\Users\Pichau\.gradle\caches\journal-1)" [_thread_blocked, id=13656, stack(0x000000001d920000,0x000000001da20000)]
  0x000000001b5bf800 JavaThread "Daemon periodic checks" [_thread_blocked, id=4152, stack(0x000000001cd20000,0x000000001ce20000)]
  0x000000001b5d3000 JavaThread "Incoming local TCP Connector on port 64270" [_thread_in_native, id=12312, stack(0x000000001cac0000,0x000000001cbc0000)]
  0x000000001b247000 JavaThread "Daemon health stats" [_thread_blocked, id=8700, stack(0x000000001c480000,0x000000001c580000)]
  0x0000000019518800 JavaThread "Service Thread" daemon [_thread_blocked, id=4588, stack(0x00000000198e0000,0x00000000199e0000)]
  0x0000000017b5a800 JavaThread "C1 CompilerThread2" daemon [_thread_blocked, id=2568, stack(0x00000000193e0000,0x00000000194e0000)]
  0x0000000017b4d800 JavaThread "C2 CompilerThread1" daemon [_thread_blocked, id=1284, stack(0x00000000192e0000,0x00000000193e0000)]
=>0x0000000017b49800 JavaThread "C2 CompilerThread0" daemon [_thread_in_native, id=2412, stack(0x00000000191e0000,0x00000000192e0000)]
  0x0000000017b48000 JavaThread "Attach Listener" daemon [_thread_blocked, id=8236, stack(0x00000000190e0000,0x00000000191e0000)]
  0x0000000017b42000 JavaThread "Signal Dispatcher" daemon [_thread_blocked, id=12716, stack(0x0000000018fe0000,0x00000000190e0000)]
  0x0000000002e6b000 JavaThread "Finalizer" daemon [_thread_blocked, id=8852, stack(0x0000000018dc0000,0x0000000018ec0000)]
  0x0000000017b29000 JavaThread "Reference Handler" daemon [_thread_blocked, id=13264, stack(0x0000000018cc0000,0x0000000018dc0000)]
  0x0000000002f1e000 JavaThread "main" [_thread_blocked, id=8, stack(0x0000000002c20000,0x0000000002d20000)]

Other Threads:
  0x0000000017b07000 VMThread [stack: 0x0000000018bc0000,0x0000000018cc0000] [id=3308]
  0x0000000019519800 WatcherThread [stack: 0x00000000199e0000,0x0000000019ae0000] [id=6920]

VM state:not at safepoint (normal execution)

VM Mutex/Monitor currently owned by a thread: None

heap address: 0x0000000080000000, size: 2048 MB, Compressed Oops mode: 32-bit
Narrow klass base: 0x0000000000000000, Narrow klass shift: 3
Compressed class space size: 1073741824 Address: 0x0000000100000000

Heap:
 PSYoungGen      total 340480K, used 190389K [0x00000000d5580000, 0x00000000ef400000, 0x0000000100000000)
  eden space 307712K, 61% used [0x00000000d5580000,0x00000000e0f6d458,0x00000000e8200000)
  from space 32768K, 0% used [0x00000000e8200000,0x00000000e8200000,0x00000000ea200000)
  to   space 33792K, 0% used [0x00000000ed300000,0x00000000ed300000,0x00000000ef400000)
 ParOldGen       total 304640K, used 48492K [0x0000000080000000, 0x0000000092980000, 0x00000000d5580000)
  object space 304640K, 15% used [0x0000000080000000,0x0000000082f5b3f0,0x0000000092980000)
 Metaspace       used 93214K, capacity 97798K, committed 98520K, reserved 1134592K
  class space    used 12235K, capacity 13071K, committed 13312K, reserved 1048576K

Card table byte_map: [0x00000000122e0000,0x00000000126f0000] byte_map_base: 0x0000000011ee0000

Marking Bits: (ParMarkBitMap*) 0x0000000072a4f030
 Begin Bits: [0x0000000012da0000, 0x0000000014da0000)
 End Bits:   [0x0000000014da0000, 0x0000000016da0000)

Polling page: 0x0000000000f40000

CodeCache: size=245760Kb used=44895Kb max_used=44941Kb free=200864Kb
 bounds [0x0000000002f20000, 0x0000000005b70000, 0x0000000011f20000]
 total_blobs=14451 nmethods=13574 adapters=788
 compilation: enabled

Compilation events (10 events):
Event: 449.905 Thread 0x0000000017b5a800 nmethod 16423 0x0000000004fc9f90 code [0x0000000004fca100, 0x0000000004fca3c8]
Event: 449.905 Thread 0x0000000017b5a800 16418       1       org.gradle.internal.work.DefaultConditionalExecutionQueue::access$100 (5 bytes)
Event: 449.906 Thread 0x0000000017b5a800 nmethod 16418 0x00000000051a1050 code [0x00000000051a11a0, 0x00000000051a1290]
Event: 449.913 Thread 0x0000000017b4d800 nmethod 16320 0x0000000005b4aad0 code [0x0000000005b4b380, 0x0000000005b53260]
Event: 449.914 Thread 0x0000000017b4d800 16345       4       org.gradle.internal.io.StreamByteBuffer::totalBytesUnread (52 bytes)
Event: 449.915 Thread 0x0000000017b4d800 nmethod 16345 0x0000000003ae10d0 code [0x0000000003ae1200, 0x0000000003ae12b8]
Event: 449.916 Thread 0x0000000017b4d800 16341       4       org.gradle.cache.internal.btree.FileBackedBlockStore::attach (21 bytes)
Event: 449.917 Thread 0x0000000017b4d800 nmethod 16341 0x00000000040cb990 code [0x00000000040cbae0, 0x00000000040cbc18]
Event: 449.918 Thread 0x0000000017b4d800 16339       4       sun.nio.ch.Util$BufferCache::get (164 bytes)
Event: 449.922 Thread 0x0000000017b4d800 nmethod 16339 0x0000000003e76990 code [0x0000000003e76ae0, 0x0000000003e76d58]

GC Heap History (10 events):
Event: 17.950 GC heap before
{Heap before GC invocations=15 (full 3):
 PSYoungGen      total 226816K, used 226813K [0x00000000d5580000, 0x00000000e8600000, 0x0000000100000000)
  eden space 207872K, 100% used [0x00000000d5580000,0x00000000e2080000,0x00000000e2080000)
  from space 18944K, 99% used [0x00000000e2080000,0x00000000e32ff618,0x00000000e3300000)
  to   space 25600K, 0% used [0x00000000e6d00000,0x00000000e6d00000,0x00000000e8600000)
 ParOldGen       total 214016K, used 52579K [0x0000000080000000, 0x000000008d100000, 0x00000000d5580000)
  object space 214016K, 24% used [0x0000000080000000,0x0000000083358e68,0x000000008d100000)
 Metaspace       used 70201K, capacity 73476K, committed 73688K, reserved 1112064K
  class space    used 9556K, capacity 10195K, committed 10240K, reserved 1048576K
Event: 18.006 GC heap after
Heap after GC invocations=15 (full 3):
 PSYoungGen      total 282112K, used 19215K [0x00000000d5580000, 0x00000000e8500000, 0x0000000100000000)
  eden space 257536K, 0% used [0x00000000d5580000,0x00000000d5580000,0x00000000e5100000)
  from space 24576K, 78% used [0x00000000e6d00000,0x00000000e7fc3c08,0x00000000e8500000)
  to   space 26624K, 0% used [0x00000000e5100000,0x00000000e5100000,0x00000000e6b00000)
 ParOldGen       total 214016K, used 70768K [0x0000000080000000, 0x000000008d100000, 0x00000000d5580000)
  object space 214016K, 33% used [0x0000000080000000,0x000000008451c3f0,0x000000008d100000)
 Metaspace       used 70201K, capacity 73476K, committed 73688K, reserved 1112064K
  class space    used 9556K, capacity 10195K, committed 10240K, reserved 1048576K
}
Event: 22.109 GC heap before
{Heap before GC invocations=16 (full 3):
 PSYoungGen      total 282112K, used 276751K [0x00000000d5580000, 0x00000000e8500000, 0x0000000100000000)
  eden space 257536K, 100% used [0x00000000d5580000,0x00000000e5100000,0x00000000e5100000)
  from space 24576K, 78% used [0x00000000e6d00000,0x00000000e7fc3c08,0x00000000e8500000)
  to   space 26624K, 0% used [0x00000000e5100000,0x00000000e5100000,0x00000000e6b00000)
 ParOldGen       total 214016K, used 70768K [0x0000000080000000, 0x000000008d100000, 0x00000000d5580000)
  object space 214016K, 33% used [0x0000000080000000,0x000000008451c3f0,0x000000008d100000)
 Metaspace       used 86549K, capacity 91050K, committed 91224K, reserved 1128448K
  class space    used 11719K, capacity 12581K, committed 12672K, reserved 1048576K
Event: 22.187 GC heap after
Heap after GC invocations=16 (full 3):
 PSYoungGen      total 284160K, used 26600K [0x00000000d5580000, 0x00000000ed000000, 0x0000000100000000)
  eden space 257536K, 0% used [0x00000000d5580000,0x00000000d5580000,0x00000000e5100000)
  from space 26624K, 99% used [0x00000000e5100000,0x00000000e6afa200,0x00000000e6b00000)
  to   space 34816K, 0% used [0x00000000eae00000,0x00000000eae00000,0x00000000ed000000)
 ParOldGen       total 214016K, used 82806K [0x0000000080000000, 0x000000008d100000, 0x00000000d5580000)
  object space 214016K, 38% used [0x0000000080000000,0x00000000850dd990,0x000000008d100000)
 Metaspace       used 86549K, capacity 91050K, committed 91224K, reserved 1128448K
  class space    used 11719K, capacity 12581K, committed 12672K, reserved 1048576K
}
Event: 328.062 GC heap before
{Heap before GC invocations=17 (full 3):
 PSYoungGen      total 284160K, used 284136K [0x00000000d5580000, 0x00000000ed000000, 0x0000000100000000)
  eden space 257536K, 100% used [0x00000000d5580000,0x00000000e5100000,0x00000000e5100000)
  from space 26624K, 99% used [0x00000000e5100000,0x00000000e6afa200,0x00000000e6b00000)
  to   space 34816K, 0% used [0x00000000eae00000,0x00000000eae00000,0x00000000ed000000)
 ParOldGen       total 214016K, used 82806K [0x0000000080000000, 0x000000008d100000, 0x00000000d5580000)
  object space 214016K, 38% used [0x0000000080000000,0x00000000850dd990,0x000000008d100000)
 Metaspace       used 92965K, capacity 97950K, committed 98008K, reserved 1134592K
  class space    used 12338K, capacity 13267K, committed 13312K, reserved 1048576K
Event: 328.109 GC heap after
Heap after GC invocations=17 (full 3):
 PSYoungGen      total 328192K, used 15944K [0x00000000d5580000, 0x00000000ec200000, 0x0000000100000000)
  eden space 307712K, 0% used [0x00000000d5580000,0x00000000d5580000,0x00000000e8200000)
  from space 20480K, 77% used [0x00000000eae00000,0x00000000ebd921a0,0x00000000ec200000)
  to   space 32768K, 0% used [0x00000000e8200000,0x00000000e8200000,0x00000000ea200000)
 ParOldGen       total 214016K, used 104512K [0x0000000080000000, 0x000000008d100000, 0x00000000d5580000)
  object space 214016K, 48% used [0x0000000080000000,0x0000000086610018,0x000000008d100000)
 Metaspace       used 92965K, capacity 97950K, committed 98008K, reserved 1134592K
  class space    used 12338K, capacity 13267K, committed 13312K, reserved 1048576K
}
Event: 447.993 GC heap before
{Heap before GC invocations=18 (full 3):
 PSYoungGen      total 328192K, used 73214K [0x00000000d5580000, 0x00000000ec200000, 0x0000000100000000)
  eden space 307712K, 18% used [0x00000000d5580000,0x00000000d8d6d930,0x00000000e8200000)
  from space 20480K, 77% used [0x00000000eae00000,0x00000000ebd921a0,0x00000000ec200000)
  to   space 32768K, 0% used [0x00000000e8200000,0x00000000e8200000,0x00000000ea200000)
 ParOldGen       total 214016K, used 104512K [0x0000000080000000, 0x000000008d100000, 0x00000000d5580000)
  object space 214016K, 48% used [0x0000000080000000,0x0000000086610018,0x000000008d100000)
 Metaspace       used 93243K, capacity 98218K, committed 98264K, reserved 1134592K
  class space    used 12359K, capacity 13291K, committed 13312K, reserved 1048576K
Event: 447.999 GC heap after
Heap after GC invocations=18 (full 3):
 PSYoungGen      total 340480K, used 2100K [0x00000000d5580000, 0x00000000ef400000, 0x0000000100000000)
  eden space 307712K, 0% used [0x00000000d5580000,0x00000000d5580000,0x00000000e8200000)
  from space 32768K, 6% used [0x00000000e8200000,0x00000000e840d268,0x00000000ea200000)
  to   space 33792K, 0% used [0x00000000ed300000,0x00000000ed300000,0x00000000ef400000)
 ParOldGen       total 214016K, used 104520K [0x0000000080000000, 0x000000008d100000, 0x00000000d5580000)
  object space 214016K, 48% used [0x0000000080000000,0x0000000086612018,0x000000008d100000)
 Metaspace       used 93243K, capacity 98218K, committed 98264K, reserved 1134592K
  class space    used 12359K, capacity 13291K, committed 13312K, reserved 1048576K
}
Event: 447.999 GC heap before
{Heap before GC invocations=19 (full 4):
 PSYoungGen      total 340480K, used 2100K [0x00000000d5580000, 0x00000000ef400000, 0x0000000100000000)
  eden space 307712K, 0% used [0x00000000d5580000,0x00000000d5580000,0x00000000e8200000)
  from space 32768K, 6% used [0x00000000e8200000,0x00000000e840d268,0x00000000ea200000)
  to   space 33792K, 0% used [0x00000000ed300000,0x00000000ed300000,0x00000000ef400000)
 ParOldGen       total 214016K, used 104520K [0x0000000080000000, 0x000000008d100000, 0x00000000d5580000)
  object space 214016K, 48% used [0x0000000080000000,0x0000000086612018,0x000000008d100000)
 Metaspace       used 93243K, capacity 98218K, committed 98264K, reserved 1134592K
  class space    used 12359K, capacity 13291K, committed 13312K, reserved 1048576K
Event: 448.177 GC heap after
Heap after GC invocations=19 (full 4):
 PSYoungGen      total 340480K, used 0K [0x00000000d5580000, 0x00000000ef400000, 0x0000000100000000)
  eden space 307712K, 0% used [0x00000000d5580000,0x00000000d5580000,0x00000000e8200000)
  from space 32768K, 0% used [0x00000000e8200000,0x00000000e8200000,0x00000000ea200000)
  to   space 33792K, 0% used [0x00000000ed300000,0x00000000ed300000,0x00000000ef400000)
 ParOldGen       total 304640K, used 48492K [0x0000000080000000, 0x0000000092980000, 0x00000000d5580000)
  object space 304640K, 15% used [0x0000000080000000,0x0000000082f5b3f0,0x0000000092980000)
 Metaspace       used 92843K, capacity 97272K, committed 98264K, reserved 1134592K
  class space    used 12215K, capacity 13034K, committed 13312K, reserved 1048576K
}

Deoptimization events (10 events):
Event: 448.204 Thread 0x000000002aa43000 Uncommon trap: reason=bimorphic action=maybe_recompile pc=0x00000000047c23c4 method=com.google.common.cache.LocalCache$Segment.getLiveValue(Lcom/google/common/cache/ReferenceEntry;J)Ljava/lang/Object; @ 21
Event: 448.341 Thread 0x000000002aa43000 Uncommon trap: reason=class_check action=maybe_recompile pc=0x000000000553cd20 method=com.google.common.collect.ImmutableMultimap$Builder.put(Ljava/lang/Object;Ljava/lang/Object;)Lcom/google/common/collect/ImmutableMultimap$Builder; @ 29
Event: 448.419 Thread 0x000000002aa43000 Uncommon trap: reason=array_check action=maybe_recompile pc=0x0000000004a42a38 method=com.google.common.collect.ImmutableSet.construct(I[Ljava/lang/Object;)Lcom/google/common/collect/ImmutableSet; @ 122
Event: 448.831 Thread 0x000000001a7cc800 Uncommon trap: reason=unstable_if action=reinterpret pc=0x000000000342e7a4 method=com.sun.org.apache.xerces.internal.impl.XMLEntityScanner.scanQName(Lcom/sun/org/apache/xerces/internal/xni/QName;Lcom/sun/org/apache/xerces/internal/impl/XMLScanner$NameType
Event: 448.981 Thread 0x000000001a7cc800 Uncommon trap: reason=unstable_if action=reinterpret pc=0x00000000043fc114 method=com.android.ide.common.resources.DataMerger.mergeData(Lcom/android/ide/common/resources/MergeConsumer;Z)V @ 95
Event: 448.992 Thread 0x000000001a7cc800 Uncommon trap: reason=null_check action=make_not_entrant pc=0x00000000044799f0 method=com.android.ide.common.resources.NodeUtils.processSingleNodeNamespace(Lorg/w3c/dom/Node;Lorg/w3c/dom/Document;)Z @ 8
Event: 448.992 Thread 0x000000001a7cc800 Uncommon trap: reason=null_check action=make_not_entrant pc=0x0000000004453468 method=com.android.ide.common.resources.NodeUtils.processSingleNodeNamespace(Lorg/w3c/dom/Node;Lorg/w3c/dom/Document;)Z @ 8
Event: 449.080 Thread 0x000000001a7cc800 Uncommon trap: reason=class_check action=maybe_recompile pc=0x0000000004926528 method=java.io.Writer.append(Ljava/lang/CharSequence;)Ljava/io/Writer; @ 20
Event: 449.178 Thread 0x000000001a7d0800 Uncommon trap: reason=unstable_if action=reinterpret pc=0x0000000003b42de8 method=org.gradle.internal.snapshot.PathUtil.equalChars(CCLorg/gradle/internal/snapshot/CaseSensitivity;)Z @ 40
Event: 449.178 Thread 0x000000001a7d0800 Uncommon trap: reason=unstable_if action=reinterpret pc=0x00000000030e05fc method=org.gradle.internal.snapshot.PathUtil.equalChars(CCLorg/gradle/internal/snapshot/CaseSensitivity;)Z @ 40

Classes redefined (0 events):
No events

Internal exceptions (10 events):
Event: 328.136 Thread 0x000000002aa43000 Exception <a 'sun/nio/fs/WindowsException'> (0x00000000d5e23770) thrown at [C:\src\AOSP-openjdk-git\hotspot\src\share\vm\prims\jni.cpp, line 710]
Event: 328.164 Thread 0x000000002aa43000 Exception <a 'sun/nio/fs/WindowsException'> (0x00000000d5ef61f8) thrown at [C:\src\AOSP-openjdk-git\hotspot\src\share\vm\prims\jni.cpp, line 710]
Event: 328.180 Thread 0x000000002aa47800 Implicit null exception at 0x000000000424c3c3 to 0x000000000424c835
Event: 328.199 Thread 0x000000002aa4f000 Exception <a 'sun/nio/fs/WindowsException'> (0x00000000d610eae8) thrown at [C:\src\AOSP-openjdk-git\hotspot\src\share\vm\prims\jni.cpp, line 710]
Event: 328.441 Thread 0x000000002aa4b000 Exception <a 'sun/nio/fs/WindowsException'> (0x00000000d7c9f9a0) thrown at [C:\src\AOSP-openjdk-git\hotspot\src\share\vm\prims\jni.cpp, line 710]
Event: 448.427 Thread 0x000000002aa43000 Exception <a 'sun/nio/fs/WindowsException'> (0x00000000d791f668) thrown at [C:\src\AOSP-openjdk-git\hotspot\src\share\vm\prims\jni.cpp, line 710]
Event: 448.992 Thread 0x000000001a7cc800 Implicit null exception at 0x0000000004472d7f to 0x00000000044799d5
Event: 448.992 Thread 0x000000001a7cc800 Implicit null exception at 0x000000000445215b to 0x0000000004453459
Event: 449.416 Thread 0x000000002aa43000 Exception <a 'sun/nio/fs/WindowsException'> (0x00000000de4d1398) thrown at [C:\src\AOSP-openjdk-git\hotspot\src\share\vm\prims\jni.cpp, line 710]
Event: 449.416 Thread 0x000000002aa43000 Exception <a 'sun/nio/fs/WindowsException'> (0x00000000de4d2c20) thrown at [C:\src\AOSP-openjdk-git\hotspot\src\share\vm\prims\jni.cpp, line 710]

Events (10 events):
Event: 449.215 Thread 0x000000001a7d0800 DEOPT PACKING pc=0x0000000004b4b9a4 sp=0x000000002a32b980
Event: 449.215 Thread 0x000000001a7d0800 DEOPT UNPACKING pc=0x0000000002f675d0 sp=0x000000002a32b6d0 mode 0
Event: 449.887 Thread 0x000000001a7d1000 Thread added: 0x000000001a7d1000
Event: 449.889 Executing VM operation: RevokeBias
Event: 449.893 Executing VM operation: RevokeBias done
Event: 449.905 Thread 0x0000000017b5a800 flushing nmethod 0x0000000003ae0bd0
Event: 449.914 Thread 0x0000000017b4d800 flushing nmethod 0x0000000003e76310
Event: 449.915 Thread 0x0000000017b4d800 flushing nmethod 0x00000000040cb850
Event: 449.918 Thread 0x0000000017b4d800 flushing nmethod 0x00000000044c2f10
Event: 449.923 Thread 0x0000000017b4d800 flushing nmethod 0x0000000004619bd0


Dynamic libraries:
0x00007ff691a70000 - 0x00007ff691aa1000 	E:\Mobile\jre\bin\java.exe
0x00007ff825730000 - 0x00007ff825925000 	C:\WINDOWS\SYSTEM32\ntdll.dll
0x00007ff824570000 - 0x00007ff82462d000 	C:\WINDOWS\System32\KERNEL32.DLL
0x00007ff822fd0000 - 0x00007ff823298000 	C:\WINDOWS\System32\KERNELBASE.dll
0x00007ff824160000 - 0x00007ff82420c000 	C:\WINDOWS\System32\ADVAPI32.dll
0x00007ff8255d0000 - 0x00007ff82566e000 	C:\WINDOWS\System32\msvcrt.dll
0x00007ff825200000 - 0x00007ff82529b000 	C:\WINDOWS\System32\sechost.dll
0x00007ff824660000 - 0x00007ff82478b000 	C:\WINDOWS\System32\RPCRT4.dll
0x00007ff824220000 - 0x00007ff8243c0000 	C:\WINDOWS\System32\USER32.dll
0x00007ff823770000 - 0x00007ff823792000 	C:\WINDOWS\System32\win32u.dll
0x00007ff824630000 - 0x00007ff82465a000 	C:\WINDOWS\System32\GDI32.dll
0x00007ff8233f0000 - 0x00007ff8234fb000 	C:\WINDOWS\System32\gdi32full.dll
0x00007ff822f30000 - 0x00007ff822fcd000 	C:\WINDOWS\System32\msvcp_win.dll
0x00007ff8232a0000 - 0x00007ff8233a0000 	C:\WINDOWS\System32\ucrtbase.dll
0x00007ff818e90000 - 0x00007ff81912a000 	C:\WINDOWS\WinSxS\amd64_microsoft.windows.common-controls_6595b64144ccf1df_6.0.19041.1052_none_60b8f8fd71f5e8cb\COMCTL32.dll
0x00007ff8238d0000 - 0x00007ff823900000 	C:\WINDOWS\System32\IMM32.DLL
0x0000000071850000 - 0x0000000071922000 	E:\Mobile\jre\jre\bin\msvcr100.dll
0x0000000072280000 - 0x0000000072acb000 	E:\Mobile\jre\jre\bin\server\jvm.dll
0x00007ff8253d0000 - 0x00007ff8253d8000 	C:\WINDOWS\System32\PSAPI.DLL
0x00007ff81cfd0000 - 0x00007ff81cfda000 	C:\WINDOWS\SYSTEM32\VERSION.dll
0x00007ff819a80000 - 0x00007ff819aa7000 	C:\WINDOWS\SYSTEM32\WINMM.dll
0x00007ff81eb20000 - 0x00007ff81eb29000 	C:\WINDOWS\SYSTEM32\WSOCK32.dll
0x00007ff823900000 - 0x00007ff82396b000 	C:\WINDOWS\System32\WS2_32.dll
0x00007ff81e6d0000 - 0x00007ff81e6df000 	E:\Mobile\jre\jre\bin\verify.dll
0x00007ff8044e0000 - 0x00007ff804509000 	E:\Mobile\jre\jre\bin\java.dll
0x00007ff80c760000 - 0x00007ff80c776000 	E:\Mobile\jre\jre\bin\zip.dll
0x00007ff823970000 - 0x00007ff8240af000 	C:\WINDOWS\System32\SHELL32.dll
0x00007ff820fe0000 - 0x00007ff821770000 	C:\WINDOWS\SYSTEM32\windows.storage.dll
0x00007ff824de0000 - 0x00007ff825135000 	C:\WINDOWS\System32\combase.dll
0x00007ff822810000 - 0x00007ff82283c000 	C:\WINDOWS\SYSTEM32\Wldp.dll
0x00007ff825320000 - 0x00007ff8253ce000 	C:\WINDOWS\System32\SHCORE.dll
0x00007ff824c10000 - 0x00007ff824c65000 	C:\WINDOWS\System32\shlwapi.dll
0x00007ff822db0000 - 0x00007ff822dcf000 	C:\WINDOWS\SYSTEM32\profapi.dll
0x00007ff80c200000 - 0x00007ff80c21a000 	E:\Mobile\jre\jre\bin\net.dll
0x00007ff822580000 - 0x00007ff8225ea000 	C:\WINDOWS\system32\mswsock.dll
0x00007ff803df0000 - 0x00007ff803e03000 	E:\Mobile\jre\jre\bin\nio.dll
0x00007ff803fc0000 - 0x00007ff803fe7000 	C:\Users\Pichau\.gradle\native\f6784746aeab05261644944871eae4fe03e0ef1612fff0a4a95f87b438bc6780\windows-amd64\native-platform.dll
0x00007ff80f210000 - 0x00007ff80f21d000 	E:\Mobile\jre\jre\bin\management.dll
0x00007ff822760000 - 0x00007ff822778000 	C:\WINDOWS\SYSTEM32\CRYPTSP.dll
0x00007ff821f20000 - 0x00007ff821f54000 	C:\WINDOWS\system32\rsaenh.dll
0x00007ff822e70000 - 0x00007ff822e97000 	C:\WINDOWS\System32\bcrypt.dll
0x00007ff822d70000 - 0x00007ff822d9e000 	C:\WINDOWS\SYSTEM32\USERENV.dll
0x00007ff822ea0000 - 0x00007ff822f23000 	C:\WINDOWS\System32\bcryptprimitives.dll
0x00007ff822750000 - 0x00007ff82275c000 	C:\WINDOWS\SYSTEM32\CRYPTBASE.dll
0x00007ff822270000 - 0x00007ff8222ab000 	C:\WINDOWS\SYSTEM32\IPHLPAPI.DLL
0x00007ff824210000 - 0x00007ff824218000 	C:\WINDOWS\System32\NSI.dll
0x00007ff81d700000 - 0x00007ff81d717000 	C:\WINDOWS\SYSTEM32\dhcpcsvc6.DLL
0x00007ff81d410000 - 0x00007ff81d42d000 	C:\WINDOWS\SYSTEM32\dhcpcsvc.DLL
0x00007ff8222b0000 - 0x00007ff82237c000 	C:\WINDOWS\SYSTEM32\DNSAPI.dll
0x00007ff81d7c0000 - 0x00007ff81d7cb000 	C:\WINDOWS\SYSTEM32\WINNSI.DLL

VM Arguments:
jvm_args: -Xmx2048m -Dfile.encoding=UTF-8 -Duser.country=BR -Duser.language=pt -Duser.variant 
java_command: org.gradle.launcher.daemon.bootstrap.GradleDaemon 6.5
java_class_path (initial): C:\Users\Pichau\.gradle\wrapper\dists\gradle-6.5-all\2oz4ud9k3tuxjg84bbf55q0tn\gradle-6.5\lib\gradle-launcher-6.5.jar
Launcher Type: SUN_STANDARD

Environment Variables:
PATH=C:\Python39\Scripts\;C:\Python39\;C:\Program Files (x86)\Intel\iCLS Client\;C:\Program Files\Intel\iCLS Client\;C:\ProgramData\Oracle\Java\javapath;C:\WINDOWS\system32;C:\WINDOWS;C:\WINDOWS\System32\Wbem;C:\WINDOWS\System32\WindowsPowerShell\v1.0\;C:\Program Files (x86)\Intel\Intel(R) Management Engine Components\DAL;C:\Program Files\Intel\Intel(R) Management Engine Components\DAL;C:\Program Files (x86)\Intel\Intel(R) Management Engine Components\IPT;C:\Program Files\Intel\Intel(R) Management Engine Components\IPT;C:\Program Files (x86)\NVIDIA Corporation\PhysX\Common;C:\WINDOWS\System32\OpenSSH\;C:\Program Files\Microsoft SQL Server\Client SDK\ODBC\130\Tools\Binn\;C:\Program Files\Microsoft SQL Server\Client SDK\ODBC\170\Tools\Binn\;C:\Program Files\NVIDIA Corporation\NVIDIA NvDLISR;C:\Program Files\dotnet\;C:\WINDOWS\system32;C:\WINDOWS;C:\WINDOWS\System32\Wbem;C:\WINDOWS\System32\WindowsPowerShell\v1.0\;C:\WINDOWS\System32\OpenSSH\;C:\Program Files\Microsoft SQL Server\130\Tools\Binn\;C:\Program Files\nodejs\;C:\ProgramData\chocolatey\bin;C:\Program Files\Git\cmd;C:\Users\Pichau\AppData\Local\Microsoft\WindowsApps;E:\Microsoft VS Code\bin;C:\Users\Pichau\AppData\Local\GitHubDesktop\bin;C:\Users\Pichau\AppData\Roaming\npm;%USERPROFILE%\AppData\Local\Microsoft\WindowsApps;
USERNAME=nico
OS=Windows_NT
PROCESSOR_IDENTIFIER=Intel64 Family 6 Model 158 Stepping 9, GenuineIntel



---------------  S Y S T E M  ---------------

OS: Windows 10.0 , 64 bit Build 19041 (10.0.19041.1023)

CPU:total 4 (initial active 4) (2 cores per cpu, 2 threads per core) family 6 model 158 stepping 9, cmov, cx8, fxsr, mmx, sse, sse2, sse3, ssse3, sse4.1, sse4.2, popcnt, avx, avx2, aes, clmul, erms, 3dnowpref, lzcnt, ht, tsc, tscinvbit, bmi1, bmi2, adx

Memory: 4k page, physical 16740468k(5314776k free), swap 17150068k(5724k free)

vm_info: OpenJDK 64-Bit Server VM (25.242-b01) for windows-amd64 JRE (1.8.0_242-release-1644-b01), built by "builder" with MS VC++ 10.0 (VS2010)

time: Wed Jun 30 01:24:54 2021
timezone: Hora oficial do Brasil
elapsed time: 450 seconds (0d 0h 7m 30s)

